<?xml version="1.0" encoding="UTF-8"?>
<!-- Generated by org.testng.reporters.JUnitReportReporter -->
<testsuite skipped="0" hostname="LAPTOP-1RN3IOUD" name="org.vtest.screenstests.ScreensAPITests" tests="2" failures="0" timestamp="08 Dec 2019 06:20:55 GMT" time="8.052" errors="0">
  <testcase name="postScreenPreviewTest" time="1.548" classname="org.vtest.screenstests.ScreensAPITests"/>
  <testcase name="getScreenNameTest" time="6.504" classname="org.vtest.screenstests.ScreensAPITests"/>
</testsuite> <!-- org.vtest.screenstests.ScreensAPITests -->
