<?xml version="1.0" encoding="UTF-8"?>
<!-- Generated by org.testng.reporters.JUnitReportReporter -->
<testsuite skipped="0" hostname="LAPTOP-1RN3IOUD" name="org.vtest.storestests.StoresTest" tests="1" failures="0" timestamp="08 Dec 2019 04:02:02 GMT" time="8.360" errors="0">
  <testcase name="getScreenNameTest" time="8.360" classname="org.vtest.storestests.StoresTest"/>
</testsuite> <!-- org.vtest.storestests.StoresTest -->
