<?xml version="1.0" encoding="UTF-8"?>
<!-- Generated by org.testng.reporters.JUnitReportReporter -->
<testsuite skipped="0" hostname="LAPTOP-1RN3IOUD" name="org.vtest.screentests.ScreensAPITests" tests="2" failures="0" timestamp="08 Dec 2019 05:01:38 GMT" time="6.979" errors="0">
  <testcase name="postScreenPreviewTest" time="1.546" classname="org.vtest.screentests.ScreensAPITests"/>
  <testcase name="getScreenNameTest" time="5.433" classname="org.vtest.screentests.ScreensAPITests"/>
</testsuite> <!-- org.vtest.screentests.ScreensAPITests -->
