<?xml version="1.0" encoding="UTF-8"?>
<!-- Generated by org.testng.reporters.JUnitReportReporter -->
<testsuite skipped="0" hostname="LAPTOP-1RN3IOUD" name="org.vtest.storestests.StoresAPITests" tests="1" failures="0" timestamp="08 Dec 2019 04:22:55 GMT" time="6.053" errors="0">
  <testcase name="getScreenNameTest" time="6.053" classname="org.vtest.storestests.StoresAPITests"/>
</testsuite> <!-- org.vtest.storestests.StoresAPITests -->
