<?xml version="1.0" encoding="UTF-8"?>
<!-- Generated by org.testng.reporters.JUnitReportReporter -->
<testsuite skipped="0" hostname="LAPTOP-1RN3IOUD" name="org.vtest.productstests.ProductsAPITests" tests="1" failures="0" timestamp="08 Dec 2019 05:12:15 GMT" time="3.690" errors="0">
  <testcase name="putProductDataForProductIdTest" time="3.690" classname="org.vtest.productstests.ProductsAPITests"/>
</testsuite> <!-- org.vtest.productstests.ProductsAPITests -->
