<?xml version="1.0" encoding="UTF-8"?>
<!-- Generated by org.testng.reporters.JUnitReportReporter -->
<testsuite skipped="0" hostname="IN-4DL5RV2-10" name="vTestAPIDemo.ScreenTest" tests="1" failures="0" timestamp="06 Dec 2019 07:05:05 GMT" time="3.223" errors="0">
  <testcase name="getScreenNameTest" time="3.223" classname="vTestAPIDemo.ScreenTest"/>
</testsuite> <!-- vTestAPIDemo.ScreenTest -->
