<?xml version="1.0" encoding="UTF-8"?>
<!-- Generated by org.testng.reporters.JUnitReportReporter -->
<testsuite skipped="0" hostname="LAPTOP-1RN3IOUD" name="org.vtest.screentests.ScreenTest" tests="2" failures="0" timestamp="07 Dec 2019 10:16:02 GMT" time="6.775" errors="0">
  <testcase name="getScreenNameTest" time="4.902" classname="org.vtest.screentests.ScreenTest"/>
  <testcase name="screenPreviewTest" time="1.873" classname="org.vtest.screentests.ScreenTest"/>
</testsuite> <!-- org.vtest.screentests.ScreenTest -->
