<?xml version="1.0" encoding="UTF-8"?>
<!-- Generated by org.testng.reporters.JUnitReportReporter -->
<testsuite skipped="0" hostname="IN-4DL5RV2-10" name="org.vtest.storestests.StoresTest" tests="1" failures="0" timestamp="06 Dec 2019 15:40:57 GMT" time="5.584" errors="0">
  <testcase name="getScreenNameTest" time="5.584" classname="org.vtest.storestests.StoresTest"/>
</testsuite> <!-- org.vtest.storestests.StoresTest -->
