<?xml version="1.0" encoding="UTF-8"?>
<!-- Generated by org.testng.reporters.JUnitReportReporter -->
<testsuite skipped="0" hostname="IN-4DL5RV2-10" name="org.vtest.screentests.ScreenTest" tests="1" failures="0" timestamp="06 Dec 2019 15:40:57 GMT" time="3.190" errors="0">
  <testcase name="getScreenNameTest" time="3.190" classname="org.vtest.screentests.ScreenTest"/>
</testsuite> <!-- org.vtest.screentests.ScreenTest -->
