<?xml version="1.0" encoding="UTF-8"?>
<!-- Generated by org.testng.reporters.JUnitReportReporter -->
<testsuite skipped="0" hostname="LAPTOP-1RN3IOUD" name="org.vtest.screentests.ScreenAPITests" tests="2" failures="0" timestamp="07 Dec 2019 11:04:28 GMT" time="8.499" errors="0">
  <testcase name="getScreenNameTest" time="6.877" classname="org.vtest.screentests.ScreenAPITests"/>
  <testcase name="postScreenPreviewTest" time="1.622" classname="org.vtest.screentests.ScreenAPITests"/>
</testsuite> <!-- org.vtest.screentests.ScreenAPITests -->
